Arguments: 
  /Users/wedy/.nvm/versions/node/v8.15.0/bin/node /Users/wedy/.nvm/versions/node/v8.15.0/bin/yarn init

PATH: 
  /usr/local/opt/mysql@5.7/bin:/usr/local/opt/mysql@5.6/bin:/usr/local/opt/mysql@5.7/bin:/Users/wedy/.rbenv/shims:/Users/wedy/.nvm/versions/node/v8.15.0/bin:/usr/local/bin:/usr/bin:/bin:/usr/sbin:/sbin:/opt/X11/bin

Yarn version: 
  1.12.3

Node version: 
  8.15.0

Platform: 
  darwin x64

Trace: 
  Error: canceled
      at Interface.<anonymous> (/Users/wedy/.nvm/versions/node/v8.15.0/lib/node_modules/yarn/lib/cli.js:125278:13)
      at emitNone (events.js:106:13)
      at Interface.emit (events.js:208:7)
      at Interface._ttyWrite (readline.js:774:16)
      at ReadStream.onkeypress (readline.js:158:10)
      at emitTwo (events.js:126:13)
      at ReadStream.emit (events.js:214:7)
      at emitKeys (internal/readline.js:420:14)
      at emitKeys.next (<anonymous>)
      at ReadStream.onData (readline.js:1010:36)

npm manifest: 
  {
    "name": "testing",
    "version": "1.0.0",
    "description": "Execute end-to-end testing",
    "main": "index.js",
    "directories": {
      "test": "tests"
    },
    "scripts": {
      "iphone6": "testcafe chrome:emulation:device=iphone 6 tests/ -e",
      "test-chrome-headless": "testcafe 'chrome:headless' tests/ -e",
      "test-chrome": "testcafe chrome tests/ -e",
      "test-firefox": "testcafe 'firefox:headless' test/ -e -S -s screenshots",
      "test": "yarn test-iphone && yarn test-chrome && yarn test-firefox"
    },
    "author": "Katieli Bianca Dieter",
    "license": "ISC",
    "dependencies": {
      "testcafe": "^1.1.4"
    }
  }

yarn manifest: 
  No manifest

Lockfile: 
  No lockfile
